
1월 28, 2020 13:22:36.52 NEW SESSION
1월 28, 2020 13:22:36.52 [23560:24004:0128/132236.520:ERROR:account_tracker.cc(241)] AccessTokenFetched error: Invalid credentials (credentials rejected by server).
1월 28, 2020 14:19:31.34 
1월 28, 2020 14:19:31.35 KLIB_SelfTest return : KLR_OK

1월 29, 2020 10:57:23.75 NEW SESSION
1월 29, 2020 10:57:23.75 [2316:18960:0129/105723.753:ERROR:account_tracker.cc(241)] AccessTokenFetched error: Invalid credentials (credentials rejected by client).
1월 29, 2020 11:04:34.78 
1월 29, 2020 11:04:34.78 KLIB_SelfTest return : KLR_OK
1월 29, 2020 11:04:49.93 [19756:19780:0129/110449.931:ERROR:account_tracker.cc(241)] AccessTokenFetched error: Invalid credentials (credentials rejected by client).
1월 29, 2020 11:04:58.06 
1월 29, 2020 11:04:58.07 KLIB_SelfTest return : KLR_OK
1월 29, 2020 11:08:37.16 [21240:21232:0129/110837.169:ERROR:account_tracker.cc(241)] AccessTokenFetched error: Invalid credentials (credentials rejected by client).
1월 29, 2020 11:13:53.78 
1월 29, 2020 11:13:53.79 KLIB_SelfTest return : KLR_OK
1월 29, 2020 11:32:52.14 [21672:21688:0129/113252.144:ERROR:account_tracker.cc(241)] AccessTokenFetched error: Invalid credentials (credentials rejected by client).
1월 29, 2020 12:01:58.59 
1월 29, 2020 12:01:58.59 KLIB_SelfTest return : KLR_OK
1월 29, 2020 13:02:17.90 [21928:21640:0129/130217.901:ERROR:account_tracker.cc(241)] AccessTokenFetched error: Invalid credentials (credentials rejected by client).
1월 29, 2020 13:06:13.12 
1월 29, 2020 13:06:13.13 KLIB_SelfTest return : KLR_OK
1월 29, 2020 13:06:31.67 [23476:22132:0129/130631.674:ERROR:account_tracker.cc(241)] AccessTokenFetched error: Invalid credentials (credentials rejected by client).
1월 29, 2020 13:07:01.05 
1월 29, 2020 13:07:01.06 KLIB_SelfTest return : KLR_OK
1월 29, 2020 13:09:01.65 [16368:20664:0129/130901.653:ERROR:account_tracker.cc(241)] AccessTokenFetched error: Invalid credentials (credentials rejected by client).
1월 29, 2020 13:13:12.89 
1월 29, 2020 13:13:12.89 KLIB_SelfTest return : KLR_OK

1월 30, 2020 09:43:53.26 NEW SESSION
1월 30, 2020 09:43:53.26 [18928:19128:0130/094353.178:ERROR:account_tracker.cc(241)] AccessTokenFetched error: Invalid credentials (credentials rejected by client).
1월 30, 2020 09:44:30.48 
1월 30, 2020 09:44:30.49 KLIB_SelfTest return : KLR_OK
1월 30, 2020 09:44:58.10 [11040:12200:0130/094458.108:ERROR:account_tracker.cc(241)] AccessTokenFetched error: Invalid credentials (credentials rejected by client).

1월 30, 2020 10:31:56.19 NEW SESSION
1월 30, 2020 10:31:56.19 [16280:16664:0130/103156.153:ERROR:account_tracker.cc(241)] AccessTokenFetched error: Invalid credentials (credentials rejected by client).
1월 30, 2020 10:31:56.24 [16280:16664:0130/103156.154:ERROR:account_info_fetcher.cc(60)] OnGetTokenFailure: Invalid credentials (credentials rejected by client).
1월 30, 2020 10:33:59.80 
1월 30, 2020 10:33:59.80 KLIB_SelfTest return : KLR_OK
1월 30, 2020 10:44:51.31 [13248:13264:0130/104451.317:ERROR:account_tracker.cc(241)] AccessTokenFetched error: Invalid credentials (credentials rejected by client).
1월 30, 2020 11:24:52.58 
1월 30, 2020 11:24:52.59 KLIB_SelfTest return : KLR_OK
1월 30, 2020 11:59:33.77 [15892:10200:0130/115933.778:ERROR:account_tracker.cc(241)] AccessTokenFetched error: Invalid credentials (credentials rejected by client).
1월 30, 2020 12:03:33.53 
1월 30, 2020 12:03:33.54 KLIB_SelfTest return : KLR_OK
1월 30, 2020 12:15:55.87 [6580:16956:0130/121555.873:ERROR:account_tracker.cc(241)] AccessTokenFetched error: Invalid credentials (credentials rejected by client).
1월 30, 2020 12:47:51.05 
1월 30, 2020 12:47:51.06 KLIB_SelfTest return : KLR_OK
1월 30, 2020 12:49:27.26 [21296:21352:0130/124927.262:ERROR:account_tracker.cc(241)] AccessTokenFetched error: Invalid credentials (credentials rejected by client).
1월 30, 2020 12:52:04.24 
1월 30, 2020 12:52:04.25 KLIB_SelfTest return : KLR_OK

1월 31, 2020 09:34:38.13 NEW SESSION
1월 31, 2020 09:34:38.13 [3820:17916:0131/093438.119:ERROR:account_tracker.cc(241)] AccessTokenFetched error: Invalid credentials (credentials rejected by client).
1월 31, 2020 09:35:33.56 
1월 31, 2020 09:35:33.57 KLIB_SelfTest return : KLR_OK
1월 31, 2020 09:45:22.51 [10792:880:0131/094522.517:ERROR:account_tracker.cc(241)] AccessTokenFetched error: Invalid credentials (credentials rejected by client).
1월 31, 2020 09:49:32.80 
1월 31, 2020 09:49:32.81 KLIB_SelfTest return : KLR_OK
1월 31, 2020 09:50:02.02 [19092:10948:0131/095002.025:ERROR:account_tracker.cc(241)] AccessTokenFetched error: Invalid credentials (credentials rejected by client).
1월 31, 2020 09:50:11.73 
1월 31, 2020 09:50:11.74 KLIB_SelfTest return : KLR_OK
1월 31, 2020 09:56:03.43 [13168:2084:0131/095603.436:ERROR:account_tracker.cc(241)] AccessTokenFetched error: Invalid credentials (credentials rejected by client).
1월 31, 2020 10:03:40.99 
1월 31, 2020 10:03:41.00 KLIB_SelfTest return : KLR_OK
1월 31, 2020 10:03:50.16 [19868:18472:0131/100350.166:ERROR:account_tracker.cc(241)] AccessTokenFetched error: Invalid credentials (credentials rejected by client).
1월 31, 2020 10:04:09.61 
1월 31, 2020 10:04:09.61 KLIB_SelfTest return : KLR_OK
1월 31, 2020 10:05:04.34 [20068:1876:0131/100504.340:ERROR:account_tracker.cc(241)] AccessTokenFetched error: Invalid credentials (credentials rejected by client).
1월 31, 2020 10:05:10.52 
1월 31, 2020 10:05:10.52 KLIB_SelfTest return : KLR_OK
1월 31, 2020 10:10:00.29 [19548:20360:0131/101000.295:ERROR:account_tracker.cc(241)] AccessTokenFetched error: Invalid credentials (credentials rejected by client).
1월 31, 2020 10:28:51.78 
1월 31, 2020 10:28:51.79 KLIB_SelfTest return : KLR_OK
1월 31, 2020 11:01:15.91 [3664:18420:0131/110115.918:ERROR:account_tracker.cc(241)] AccessTokenFetched error: Invalid credentials (credentials rejected by client).
1월 31, 2020 11:01:15.92 [3664:18420:0131/110115.919:ERROR:account_info_fetcher.cc(60)] OnGetTokenFailure: Invalid credentials (credentials rejected by client).
1월 31, 2020 11:21:48.64 
1월 31, 2020 11:21:48.65 KLIB_SelfTest return : KLR_OK
1월 31, 2020 11:22:12.25 [20928:18808:0131/112212.255:ERROR:account_tracker.cc(241)] AccessTokenFetched error: Invalid credentials (credentials rejected by client).
1월 31, 2020 12:13:17.49 
1월 31, 2020 12:13:17.49 KLIB_SelfTest return : KLR_OK
1월 31, 2020 12:24:22.46 [12556:11412:0131/122422.462:ERROR:account_tracker.cc(241)] AccessTokenFetched error: Invalid credentials (credentials rejected by client).
1월 31, 2020 12:24:32.99 
1월 31, 2020 12:24:32.99 KLIB_SelfTest return : KLR_OK
1월 31, 2020 12:24:51.12 [10232:20876:0131/122451.126:ERROR:account_tracker.cc(241)] AccessTokenFetched error: Invalid credentials (credentials rejected by client).
1월 31, 2020 14:17:26.97 
1월 31, 2020 14:17:26.98 KLIB_SelfTest return : KLR_OK

2월 03, 2020 09:59:21.57 NEW SESSION
2월 03, 2020 09:59:21.57 [19288:11492:0203/095921.567:ERROR:account_tracker.cc(241)] AccessTokenFetched error: Invalid credentials (credentials rejected by client).
2월 03, 2020 10:00:28.17 
2월 03, 2020 10:00:28.17 KLIB_SelfTest return : KLR_OK
2월 03, 2020 10:04:35.73 [18428:19284:0203/100435.733:ERROR:account_tracker.cc(241)] AccessTokenFetched error: Invalid credentials (credentials rejected by client).
2월 03, 2020 10:40:13.29 
2월 03, 2020 10:40:13.30 KLIB_SelfTest return : KLR_OK
2월 03, 2020 10:44:53.94 [14944:19720:0203/104453.943:ERROR:account_tracker.cc(241)] AccessTokenFetched error: Invalid credentials (credentials rejected by client).
2월 03, 2020 10:48:53.28 
2월 03, 2020 10:48:53.29 KLIB_SelfTest return : KLR_OK
2월 03, 2020 10:48:57.67 [19044:13004:0203/104857.670:ERROR:account_tracker.cc(241)] AccessTokenFetched error: Invalid credentials (credentials rejected by client).
2월 03, 2020 11:38:02.22 
2월 03, 2020 11:38:02.22 KLIB_SelfTest return : KLR_OK
2월 03, 2020 11:38:16.33 [15816:6536:0203/113816.333:ERROR:account_tracker.cc(241)] AccessTokenFetched error: Invalid credentials (credentials rejected by client).
2월 03, 2020 11:39:25.64 
2월 03, 2020 11:39:25.65 KLIB_SelfTest return : KLR_OK
2월 03, 2020 11:39:34.08 [21924:21876:0203/113934.080:ERROR:account_tracker.cc(241)] AccessTokenFetched error: Invalid credentials (credentials rejected by client).
2월 03, 2020 11:40:36.14 
2월 03, 2020 11:40:36.15 KLIB_SelfTest return : KLR_OK
2월 03, 2020 11:41:53.23 [20212:6248:0203/114153.234:ERROR:account_tracker.cc(241)] AccessTokenFetched error: Invalid credentials (credentials rejected by client).
2월 03, 2020 11:43:42.43 
2월 03, 2020 11:43:42.44 KLIB_SelfTest return : KLR_OK
2월 03, 2020 11:43:48.79 [22372:14424:0203/114348.793:ERROR:account_tracker.cc(241)] AccessTokenFetched error: Invalid credentials (credentials rejected by client).
2월 03, 2020 12:02:55.76 
2월 03, 2020 12:02:55.76 KLIB_SelfTest return : KLR_OK
2월 03, 2020 12:03:35.91 [22072:1396:0203/120335.919:ERROR:account_tracker.cc(241)] AccessTokenFetched error: Invalid credentials (credentials rejected by client).
2월 03, 2020 12:03:40.19 
2월 03, 2020 12:03:40.19 KLIB_SelfTest return : KLR_OK
2월 03, 2020 12:03:47.41 [21192:8472:0203/120347.415:ERROR:account_tracker.cc(241)] AccessTokenFetched error: Invalid credentials (credentials rejected by client).
2월 03, 2020 12:04:11.54 
2월 03, 2020 12:04:11.55 KLIB_SelfTest return : KLR_OK
2월 03, 2020 12:04:59.79 [19264:20336:0203/120459.797:ERROR:account_tracker.cc(241)] AccessTokenFetched error: Invalid credentials (credentials rejected by client).
2월 03, 2020 12:05:07.42 
2월 03, 2020 12:05:07.43 KLIB_SelfTest return : KLR_OK
2월 03, 2020 12:05:42.83 [23032:23036:0203/120542.838:ERROR:account_tracker.cc(241)] AccessTokenFetched error: Invalid credentials (credentials rejected by client).
2월 03, 2020 12:05:50.56 
2월 03, 2020 12:05:50.57 KLIB_SelfTest return : KLR_OK
2월 03, 2020 12:08:32.10 [23376:22684:0203/120832.104:ERROR:account_tracker.cc(241)] AccessTokenFetched error: Invalid credentials (credentials rejected by client).
2월 03, 2020 12:08:35.85 
2월 03, 2020 12:08:35.85 KLIB_SelfTest return : KLR_OK
2월 03, 2020 12:10:26.89 [22888:16860:0203/121026.898:ERROR:account_tracker.cc(241)] AccessTokenFetched error: Invalid credentials (credentials rejected by client).
2월 03, 2020 12:10:43.82 
2월 03, 2020 12:10:43.82 KLIB_SelfTest return : KLR_OK
2월 03, 2020 12:11:24.42 [23228:13004:0203/121124.424:ERROR:account_tracker.cc(241)] AccessTokenFetched error: Invalid credentials (credentials rejected by client).
2월 03, 2020 12:11:30.35 
2월 03, 2020 12:11:30.35 KLIB_SelfTest return : KLR_OK
2월 03, 2020 12:14:20.39 [14960:20708:0203/121420.397:ERROR:account_tracker.cc(241)] AccessTokenFetched error: Invalid credentials (credentials rejected by client).
2월 03, 2020 12:14:58.47 
2월 03, 2020 12:14:58.48 KLIB_SelfTest return : KLR_OK
2월 03, 2020 12:15:04.23 [23192:11248:0203/121504.237:ERROR:account_tracker.cc(241)] AccessTokenFetched error: Invalid credentials (credentials rejected by client).
2월 03, 2020 12:15:49.28 
2월 03, 2020 12:15:49.28 KLIB_SelfTest return : KLR_OK
2월 03, 2020 12:20:17.45 [18012:19524:0203/122017.454:ERROR:account_tracker.cc(241)] AccessTokenFetched error: Invalid credentials (credentials rejected by client).
2월 03, 2020 12:20:28.26 
2월 03, 2020 12:20:28.27 KLIB_SelfTest return : KLR_OK
2월 03, 2020 12:21:02.86 [23136:13264:0203/122102.867:ERROR:account_tracker.cc(241)] AccessTokenFetched error: Invalid credentials (credentials rejected by client).
2월 03, 2020 12:21:14.79 
2월 03, 2020 12:21:14.80 KLIB_SelfTest return : KLR_OK
2월 03, 2020 12:23:36.09 [16548:20700:0203/122336.096:ERROR:account_tracker.cc(241)] AccessTokenFetched error: Invalid credentials (credentials rejected by client).
2월 03, 2020 12:23:57.60 
2월 03, 2020 12:23:57.61 KLIB_SelfTest return : KLR_OK
2월 03, 2020 12:29:45.84 [22716:19268:0203/122945.848:ERROR:account_tracker.cc(241)] AccessTokenFetched error: Invalid credentials (credentials rejected by client).
2월 03, 2020 12:30:09.93 
2월 03, 2020 12:30:09.94 KLIB_SelfTest return : KLR_OK
2월 03, 2020 12:31:43.29 [15140:22020:0203/123143.299:ERROR:account_tracker.cc(241)] AccessTokenFetched error: Invalid credentials (credentials rejected by client).
2월 03, 2020 12:32:13.32 
2월 03, 2020 12:32:13.32 KLIB_SelfTest return : KLR_OK
2월 03, 2020 12:32:19.22 [21388:19672:0203/123219.225:ERROR:account_tracker.cc(241)] AccessTokenFetched error: Invalid credentials (credentials rejected by client).
2월 03, 2020 12:32:24.50 
2월 03, 2020 12:32:24.51 KLIB_SelfTest return : KLR_OK
2월 03, 2020 13:11:43.14 [23692:23688:0203/131143.146:ERROR:account_tracker.cc(241)] AccessTokenFetched error: Invalid credentials (credentials rejected by client).
2월 03, 2020 13:21:52.64 
2월 03, 2020 13:21:52.65 KLIB_SelfTest return : KLR_OK
2월 03, 2020 13:21:56.21 [21320:14432:0203/132156.210:ERROR:account_tracker.cc(241)] AccessTokenFetched error: Invalid credentials (credentials rejected by client).
2월 03, 2020 14:31:20.29 
2월 03, 2020 14:31:20.30 KLIB_SelfTest return : KLR_OK

2월 04, 2020 09:34:13.09 NEW SESSION
2월 04, 2020 09:34:13.09 [17864:17880:0204/093413.049:ERROR:account_tracker.cc(241)] AccessTokenFetched error: Invalid credentials (credentials rejected by client).
2월 04, 2020 09:34:13.22 [17864:17880:0204/093413.050:ERROR:account_info_fetcher.cc(60)] OnGetTokenFailure: Invalid credentials (credentials rejected by client).
2월 04, 2020 09:34:19.58 
2월 04, 2020 09:34:19.59 KLIB_SelfTest return : KLR_OK
2월 04, 2020 10:08:10.05 [12392:15236:0204/100810.058:ERROR:account_tracker.cc(241)] AccessTokenFetched error: Invalid credentials (credentials rejected by client).
2월 04, 2020 10:09:39.50 
2월 04, 2020 10:09:39.52 KLIB_SelfTest return : KLR_OK
2월 04, 2020 10:10:02.18 [18660:1260:0204/101002.183:ERROR:account_tracker.cc(241)] AccessTokenFetched error: Invalid credentials (credentials rejected by client).
2월 04, 2020 10:10:37.31 
2월 04, 2020 10:10:37.32 KLIB_SelfTest return : KLR_OK
2월 04, 2020 10:52:55.34 [18624:7876:0204/105255.344:ERROR:account_tracker.cc(241)] AccessTokenFetched error: Invalid credentials (credentials rejected by client).
2월 04, 2020 10:55:55.19 
2월 04, 2020 10:55:55.20 KLIB_SelfTest return : KLR_OK
2월 04, 2020 10:56:06.74 [12296:19868:0204/105606.743:ERROR:account_tracker.cc(241)] AccessTokenFetched error: Invalid credentials (credentials rejected by client).
2월 04, 2020 10:56:35.89 
2월 04, 2020 10:56:35.90 KLIB_SelfTest return : KLR_OK
2월 04, 2020 11:05:55.22 [20304:21432:0204/110555.228:ERROR:account_tracker.cc(241)] AccessTokenFetched error: Invalid credentials (credentials rejected by client).
2월 04, 2020 11:06:33.05 
2월 04, 2020 11:06:33.06 KLIB_SelfTest return : KLR_OK
2월 04, 2020 11:07:39.78 [19900:20024:0204/110739.784:ERROR:account_tracker.cc(241)] AccessTokenFetched error: Invalid credentials (credentials rejected by client).
2월 04, 2020 11:07:57.01 
2월 04, 2020 11:07:57.02 KLIB_SelfTest return : KLR_OK
2월 04, 2020 11:08:57.81 [17332:20912:0204/110857.818:ERROR:account_tracker.cc(241)] AccessTokenFetched error: Invalid credentials (credentials rejected by client).
2월 04, 2020 11:09:02.89 
2월 04, 2020 11:09:02.90 KLIB_SelfTest return : KLR_OK
2월 04, 2020 11:15:50.51 [5680:21208:0204/111550.511:ERROR:account_tracker.cc(241)] AccessTokenFetched error: Invalid credentials (credentials rejected by client).
2월 04, 2020 11:16:17.09 
2월 04, 2020 11:16:17.10 KLIB_SelfTest return : KLR_OK
2월 04, 2020 11:16:44.14 [22276:22280:0204/111644.143:ERROR:account_tracker.cc(241)] AccessTokenFetched error: Invalid credentials (credentials rejected by client).
2월 04, 2020 11:16:48.79 
2월 04, 2020 11:16:48.80 KLIB_SelfTest return : KLR_OK
2월 04, 2020 11:18:45.42 [22428:22432:0204/111845.428:ERROR:account_tracker.cc(241)] AccessTokenFetched error: Invalid credentials (credentials rejected by client).
2월 04, 2020 11:19:51.61 
2월 04, 2020 11:19:51.61 KLIB_SelfTest return : KLR_OK
2월 04, 2020 11:19:59.14 [21820:22504:0204/111959.139:ERROR:account_tracker.cc(241)] AccessTokenFetched error: Invalid credentials (credentials rejected by client).
2월 04, 2020 11:24:56.07 
2월 04, 2020 11:24:56.08 KLIB_SelfTest return : KLR_OK
2월 04, 2020 11:33:09.86 [19732:5304:0204/113309.867:ERROR:account_tracker.cc(241)] AccessTokenFetched error: Invalid credentials (credentials rejected by client).
2월 04, 2020 11:34:01.51 
2월 04, 2020 11:34:01.52 KLIB_SelfTest return : KLR_OK
2월 04, 2020 11:57:57.61 [21540:19324:0204/115757.612:ERROR:account_tracker.cc(241)] AccessTokenFetched error: Invalid credentials (credentials rejected by client).
2월 04, 2020 12:02:50.98 
2월 04, 2020 12:02:50.98 KLIB_SelfTest return : KLR_OK
2월 04, 2020 12:05:02.99 [18504:6288:0204/120502.994:ERROR:account_tracker.cc(241)] AccessTokenFetched error: Invalid credentials (credentials rejected by client).
2월 04, 2020 12:12:08.04 
2월 04, 2020 12:12:08.04 KLIB_SelfTest return : KLR_OK
2월 04, 2020 12:12:14.53 [21520:23116:0204/121214.534:ERROR:account_tracker.cc(241)] AccessTokenFetched error: Invalid credentials (credentials rejected by client).
2월 04, 2020 12:12:25.26 
2월 04, 2020 12:12:25.27 KLIB_SelfTest return : KLR_OK
2월 04, 2020 12:12:32.44 [20420:23468:0204/121232.444:ERROR:account_tracker.cc(241)] AccessTokenFetched error: Invalid credentials (credentials rejected by client).
2월 04, 2020 12:13:34.56 [20420:23468:0204/121334.565:ERROR:page_load_metrics_update_dispatcher.cc(165)] Invalid first_paint 0.362 s for first_image_paint 0.324 s
2월 04, 2020 12:14:23.57 
2월 04, 2020 12:14:23.57 KLIB_SelfTest return : KLR_OK
2월 04, 2020 12:38:43.32 [24372:24376:0204/123843.321:ERROR:account_tracker.cc(241)] AccessTokenFetched error: Invalid credentials (credentials rejected by client).
2월 04, 2020 12:39:40.36 
2월 04, 2020 12:39:40.36 KLIB_SelfTest return : KLR_OK
2월 04, 2020 12:48:25.25 [19316:24180:0204/124825.258:ERROR:account_tracker.cc(241)] AccessTokenFetched error: Invalid credentials (credentials rejected by client).
2월 04, 2020 12:53:27.62 
2월 04, 2020 12:53:27.63 KLIB_SelfTest return : KLR_OK
2월 04, 2020 12:53:32.04 [7280:6060:0204/125332.048:ERROR:account_tracker.cc(241)] AccessTokenFetched error: Invalid credentials (credentials rejected by client).
2월 04, 2020 13:00:19.13 
2월 04, 2020 13:00:19.14 KLIB_SelfTest return : KLR_OK
2월 04, 2020 13:00:23.51 [23684:24080:0204/130023.516:ERROR:account_tracker.cc(241)] AccessTokenFetched error: Invalid credentials (credentials rejected by client).
2월 04, 2020 13:01:55.95 
2월 04, 2020 13:01:55.96 KLIB_SelfTest return : KLR_OK
2월 04, 2020 13:02:01.30 [22672:13392:0204/130201.299:ERROR:account_tracker.cc(241)] AccessTokenFetched error: Invalid credentials (credentials rejected by client).
2월 04, 2020 13:03:30.63 
2월 04, 2020 13:03:30.63 KLIB_SelfTest return : KLR_OK
2월 04, 2020 13:03:35.36 [22832:24544:0204/130335.367:ERROR:account_tracker.cc(241)] AccessTokenFetched error: Invalid credentials (credentials rejected by client).
2월 04, 2020 13:05:37.62 
2월 04, 2020 13:05:37.63 KLIB_SelfTest return : KLR_OK
2월 04, 2020 13:05:40.58 [13380:10116:0204/130540.585:ERROR:account_tracker.cc(241)] AccessTokenFetched error: Invalid credentials (credentials rejected by client).
2월 04, 2020 13:07:16.88 
2월 04, 2020 13:07:16.88 KLIB_SelfTest return : KLR_OK
2월 04, 2020 13:07:22.16 [22580:22332:0204/130722.159:ERROR:account_tracker.cc(241)] AccessTokenFetched error: Invalid credentials (credentials rejected by client).
2월 04, 2020 13:08:23.66 
2월 04, 2020 13:08:23.66 KLIB_SelfTest return : KLR_OK
2월 04, 2020 13:08:28.91 [19980:1308:0204/130828.915:ERROR:account_tracker.cc(241)] AccessTokenFetched error: Invalid credentials (credentials rejected by client).
2월 04, 2020 13:10:35.88 
2월 04, 2020 13:10:35.89 KLIB_SelfTest return : KLR_OK

2월 05, 2020 09:45:47.92 NEW SESSION
2월 05, 2020 09:45:47.92 [21056:20872:0205/094547.908:ERROR:account_tracker.cc(241)] AccessTokenFetched error: Invalid credentials (credentials rejected by client).
2월 05, 2020 09:45:57.47 
2월 05, 2020 09:45:57.48 KLIB_SelfTest return : KLR_OK
2월 05, 2020 09:47:56.58 [12580:7352:0205/094756.582:ERROR:account_tracker.cc(241)] AccessTokenFetched error: Invalid credentials (credentials rejected by client).
2월 05, 2020 10:02:16.59 
2월 05, 2020 10:02:16.60 KLIB_SelfTest return : KLR_OK
2월 05, 2020 10:02:21.77 [5512:18592:0205/100221.771:ERROR:account_tracker.cc(241)] AccessTokenFetched error: Invalid credentials (credentials rejected by client).
2월 05, 2020 10:05:04.23 
2월 05, 2020 10:05:04.24 KLIB_SelfTest return : KLR_OK
2월 05, 2020 10:05:42.38 [21800:22016:0205/100542.382:ERROR:account_tracker.cc(241)] AccessTokenFetched error: Invalid credentials (credentials rejected by client).
2월 05, 2020 10:06:05.64 
2월 05, 2020 10:06:05.64 KLIB_SelfTest return : KLR_OK
2월 05, 2020 10:15:20.00 [7808:21960:0205/101520.001:ERROR:account_tracker.cc(241)] AccessTokenFetched error: Invalid credentials (credentials rejected by client).
2월 05, 2020 10:16:35.04 
2월 05, 2020 10:16:35.05 KLIB_SelfTest return : KLR_OK
2월 05, 2020 10:17:11.91 [21572:21768:0205/101711.913:ERROR:account_tracker.cc(241)] AccessTokenFetched error: Invalid credentials (credentials rejected by client).
2월 05, 2020 10:17:24.81 
2월 05, 2020 10:17:24.82 KLIB_SelfTest return : KLR_OK
2월 05, 2020 10:22:14.59 [18648:20140:0205/102214.596:ERROR:account_tracker.cc(241)] AccessTokenFetched error: Invalid credentials (credentials rejected by client).
2월 05, 2020 10:22:41.92 
2월 05, 2020 10:22:41.93 KLIB_SelfTest return : KLR_OK
2월 05, 2020 10:28:59.26 [21348:21628:0205/102859.262:ERROR:account_tracker.cc(241)] AccessTokenFetched error: Invalid credentials (credentials rejected by client).
2월 05, 2020 10:30:52.13 
2월 05, 2020 10:30:52.14 KLIB_SelfTest return : KLR_OK
2월 05, 2020 11:21:03.86 [18972:23028:0205/112103.867:ERROR:account_tracker.cc(241)] AccessTokenFetched error: Invalid credentials (credentials rejected by client).
2월 05, 2020 11:38:38.30 
2월 05, 2020 11:38:38.30 KLIB_SelfTest return : KLR_OK
2월 05, 2020 11:38:42.55 [24056:19476:0205/113842.553:ERROR:account_tracker.cc(241)] AccessTokenFetched error: Invalid credentials (credentials rejected by client).
2월 05, 2020 12:01:44.41 
2월 05, 2020 12:01:44.42 KLIB_SelfTest return : KLR_OK
2월 05, 2020 12:02:21.81 [21596:23756:0205/120221.810:ERROR:account_tracker.cc(241)] AccessTokenFetched error: Invalid credentials (credentials rejected by client).
2월 05, 2020 12:02:26.22 
2월 05, 2020 12:02:26.23 KLIB_SelfTest return : KLR_OK
2월 05, 2020 12:06:47.44 [23676:24284:0205/120647.448:ERROR:account_tracker.cc(241)] AccessTokenFetched error: Invalid credentials (credentials rejected by client).
2월 05, 2020 12:31:36.11 
2월 05, 2020 12:31:36.11 KLIB_SelfTest return : KLR_OK
2월 05, 2020 12:46:39.70 [22792:22296:0205/124639.700:ERROR:account_tracker.cc(241)] AccessTokenFetched error: Invalid credentials (credentials rejected by client).
2월 05, 2020 13:16:12.84 
2월 05, 2020 13:16:12.85 KLIB_SelfTest return : KLR_OK

2월 06, 2020 10:04:45.88 NEW SESSION
2월 06, 2020 10:04:45.88 [18208:11556:0206/100445.862:ERROR:account_tracker.cc(241)] AccessTokenFetched error: Invalid credentials (credentials rejected by client).
2월 06, 2020 10:04:45.96 [18208:11556:0206/100445.863:ERROR:account_info_fetcher.cc(60)] OnGetTokenFailure: Invalid credentials (credentials rejected by client).
2월 06, 2020 10:22:52.24 
2월 06, 2020 10:22:52.25 KLIB_SelfTest return : KLR_OK
2월 06, 2020 10:27:49.95 [21252:14352:0206/102749.954:ERROR:account_tracker.cc(241)] AccessTokenFetched error: Invalid credentials (credentials rejected by client).
2월 06, 2020 10:28:04.23 
2월 06, 2020 10:28:04.23 KLIB_SelfTest return : KLR_OK
2월 06, 2020 10:53:46.68 [5448:17508:0206/105346.682:ERROR:account_tracker.cc(241)] AccessTokenFetched error: Invalid credentials (credentials rejected by client).
2월 06, 2020 10:55:42.78 
2월 06, 2020 10:55:42.78 KLIB_SelfTest return : KLR_OK
2월 06, 2020 10:57:38.70 [21700:21628:0206/105738.707:ERROR:account_tracker.cc(241)] AccessTokenFetched error: Invalid credentials (credentials rejected by client).
2월 06, 2020 10:58:02.02 
2월 06, 2020 10:58:02.03 KLIB_SelfTest return : KLR_OK
2월 06, 2020 10:59:11.09 [22508:22496:0206/105911.099:ERROR:account_tracker.cc(241)] AccessTokenFetched error: Invalid credentials (credentials rejected by client).
2월 06, 2020 11:38:45.64 
2월 06, 2020 11:38:45.64 KLIB_SelfTest return : KLR_OK
2월 06, 2020 11:40:11.23 [22340:248:0206/114011.230:ERROR:account_tracker.cc(241)] AccessTokenFetched error: Invalid credentials (credentials rejected by client).
2월 06, 2020 11:40:27.00 
2월 06, 2020 11:40:27.00 KLIB_SelfTest return : KLR_OK
2월 06, 2020 11:41:00.75 [16220:16024:0206/114100.757:ERROR:account_tracker.cc(241)] AccessTokenFetched error: Invalid credentials (credentials rejected by client).
2월 06, 2020 11:41:10.68 
2월 06, 2020 11:41:10.68 KLIB_SelfTest return : KLR_OK
2월 06, 2020 11:53:53.60 [21980:23060:0206/115353.601:ERROR:account_tracker.cc(241)] AccessTokenFetched error: Invalid credentials (credentials rejected by client).
2월 06, 2020 11:55:42.44 
2월 06, 2020 11:55:42.44 KLIB_SelfTest return : KLR_OK
2월 06, 2020 11:55:50.77 [22736:22408:0206/115550.777:ERROR:account_tracker.cc(241)] AccessTokenFetched error: Invalid credentials (credentials rejected by client).
2월 06, 2020 11:57:47.75 
2월 06, 2020 11:57:47.75 KLIB_SelfTest return : KLR_OK
2월 06, 2020 11:58:34.99 [22932:23444:0206/115834.991:ERROR:account_tracker.cc(241)] AccessTokenFetched error: Invalid credentials (credentials rejected by client).
2월 06, 2020 12:02:17.88 
2월 06, 2020 12:02:17.89 KLIB_SelfTest return : KLR_OK
2월 06, 2020 12:02:53.84 [22956:17172:0206/120253.849:ERROR:account_tracker.cc(241)] AccessTokenFetched error: Invalid credentials (credentials rejected by client).
2월 06, 2020 12:03:13.80 
2월 06, 2020 12:03:13.81 KLIB_SelfTest return : KLR_OK
2월 06, 2020 12:03:51.04 [21540:22924:0206/120351.044:ERROR:account_tracker.cc(241)] AccessTokenFetched error: Invalid credentials (credentials rejected by client).
2월 06, 2020 12:04:22.79 
2월 06, 2020 12:04:22.79 KLIB_SelfTest return : KLR_OK
2월 06, 2020 12:08:45.59 [21260:18612:0206/120845.596:ERROR:account_tracker.cc(241)] AccessTokenFetched error: Invalid credentials (credentials rejected by client).
2월 06, 2020 12:09:35.53 
2월 06, 2020 12:09:35.53 KLIB_SelfTest return : KLR_OK
2월 06, 2020 12:24:31.14 [11556:21580:0206/122431.145:ERROR:account_tracker.cc(241)] AccessTokenFetched error: Invalid credentials (credentials rejected by client).
2월 06, 2020 12:44:40.90 
2월 06, 2020 12:44:40.91 KLIB_SelfTest return : KLR_OK
2월 06, 2020 12:49:54.19 [17752:17160:0206/124954.190:ERROR:account_tracker.cc(241)] AccessTokenFetched error: Invalid credentials (credentials rejected by client).
2월 06, 2020 12:52:59.10 
2월 06, 2020 12:52:59.11 KLIB_SelfTest return : KLR_OK
2월 06, 2020 13:01:54.07 [7432:24316:0206/130154.075:ERROR:account_tracker.cc(241)] AccessTokenFetched error: Invalid credentials (credentials rejected by client).
2월 06, 2020 13:07:08.80 
2월 06, 2020 13:07:08.81 KLIB_SelfTest return : KLR_OK
2월 06, 2020 13:08:05.01 [21032:23968:0206/130805.012:ERROR:account_tracker.cc(241)] AccessTokenFetched error: Invalid credentials (credentials rejected by client).
2월 06, 2020 13:08:57.61 
2월 06, 2020 13:08:57.61 KLIB_SelfTest return : KLR_OK
2월 06, 2020 13:10:31.44 [18340:21172:0206/131031.440:ERROR:account_tracker.cc(241)] AccessTokenFetched error: Invalid credentials (credentials rejected by client).
2월 06, 2020 13:23:34.04 
2월 06, 2020 13:23:34.04 KLIB_SelfTest return : KLR_OK
2월 06, 2020 13:23:45.61 [24160:25492:0206/132345.615:ERROR:account_tracker.cc(241)] AccessTokenFetched error: Invalid credentials (credentials rejected by client).
2월 06, 2020 13:25:22.93 
2월 06, 2020 13:25:22.93 KLIB_SelfTest return : KLR_OK

2월 07, 2020 10:04:45.81 NEW SESSION
2월 07, 2020 10:04:45.81 [33300:33344:0207/100445.814:ERROR:account_info_fetcher.cc(60)] OnGetTokenFailure: Invalid credentials (credentials rejected by client).
2월 07, 2020 10:08:49.75 
2월 07, 2020 10:08:49.76 KLIB_SelfTest return : KLR_OK
2월 07, 2020 10:09:26.58 
2월 07, 2020 10:09:26.58 KLIB_SelfTest return : KLR_OK
2월 07, 2020 10:10:05.10 
2월 07, 2020 10:10:05.10 KLIB_SelfTest return : KLR_OK
2월 07, 2020 10:11:13.77 
2월 07, 2020 10:11:13.77 KLIB_SelfTest return : KLR_OK
2월 07, 2020 10:12:24.16 
2월 07, 2020 10:12:24.17 KLIB_SelfTest return : KLR_OK
2월 07, 2020 10:51:09.27 
2월 07, 2020 10:51:09.28 KLIB_SelfTest return : KLR_OK
2월 07, 2020 10:55:39.20 
2월 07, 2020 10:55:39.21 KLIB_SelfTest return : KLR_OK
2월 07, 2020 11:05:19.34 
2월 07, 2020 11:05:19.35 KLIB_SelfTest return : KLR_OK
2월 07, 2020 11:40:24.75 
2월 07, 2020 11:40:24.75 KLIB_SelfTest return : KLR_OK
2월 07, 2020 11:53:15.01 
2월 07, 2020 11:53:15.01 KLIB_SelfTest return : KLR_OK
2월 07, 2020 11:55:42.41 
2월 07, 2020 11:55:42.42 KLIB_SelfTest return : KLR_OK
2월 07, 2020 11:57:56.38 
2월 07, 2020 11:57:56.39 KLIB_SelfTest return : KLR_OK
2월 07, 2020 12:41:52.80 
2월 07, 2020 12:41:52.81 KLIB_SelfTest return : KLR_OK
2월 07, 2020 12:42:27.87 
2월 07, 2020 12:42:27.88 KLIB_SelfTest return : KLR_OK
2월 07, 2020 13:07:01.94 
2월 07, 2020 13:07:01.94 KLIB_SelfTest return : KLR_OK
2월 07, 2020 15:31:06.59 
2월 07, 2020 15:31:06.59 KLIB_SelfTest return : KLR_OK
2월 07, 2020 15:32:39.14 
2월 07, 2020 15:32:39.15 KLIB_SelfTest return : KLR_OK

2월 10, 2020 10:08:37.24 NEW SESSION
2월 10, 2020 10:08:37.24 
2월 10, 2020 10:08:37.25 KLIB_SelfTest return : KLR_OK
2월 10, 2020 10:13:36.97 
2월 10, 2020 10:13:36.98 KLIB_SelfTest return : KLR_OK
2월 10, 2020 10:17:53.25 
2월 10, 2020 10:17:53.26 KLIB_SelfTest return : KLR_OK
2월 10, 2020 10:22:21.12 
2월 10, 2020 10:22:21.12 KLIB_SelfTest return : KLR_OK
2월 10, 2020 10:32:50.45 
2월 10, 2020 10:32:50.46 KLIB_SelfTest return : KLR_OK
2월 10, 2020 11:32:20.65 
2월 10, 2020 11:32:20.65 KLIB_SelfTest return : KLR_OK
2월 10, 2020 11:34:07.04 
2월 10, 2020 11:34:07.07 KLIB_SelfTest return : KLR_OK
2월 10, 2020 11:56:26.74 
2월 10, 2020 11:56:26.75 KLIB_SelfTest return : KLR_OK
2월 10, 2020 11:59:23.76 
2월 10, 2020 11:59:23.76 KLIB_SelfTest return : KLR_OK
2월 10, 2020 12:04:25.43 
2월 10, 2020 12:04:25.44 KLIB_SelfTest return : KLR_OK
2월 10, 2020 12:12:15.99 
2월 10, 2020 12:12:15.99 KLIB_SelfTest return : KLR_OK
2월 10, 2020 12:13:27.99 
2월 10, 2020 12:13:28.06 KLIB_SelfTest return : KLR_OK
2월 10, 2020 12:27:08.00 
2월 10, 2020 12:27:08.01 KLIB_SelfTest return : KLR_OK
2월 10, 2020 12:28:29.73 
2월 10, 2020 12:28:29.74 KLIB_SelfTest return : KLR_OK
2월 10, 2020 12:34:25.91 
2월 10, 2020 12:34:25.93 KLIB_SelfTest return : KLR_OK
2월 10, 2020 12:56:10.47 
2월 10, 2020 12:56:10.48 KLIB_SelfTest return : KLR_OK
2월 10, 2020 12:56:53.11 
2월 10, 2020 12:56:53.13 KLIB_SelfTest return : KLR_OK
2월 10, 2020 13:17:26.09 
2월 10, 2020 13:17:26.19 KLIB_SelfTest return : KLR_OK
2월 10, 2020 13:21:02.64 
2월 10, 2020 13:21:02.65 KLIB_SelfTest return : KLR_OK
2월 10, 2020 13:21:51.68 
2월 10, 2020 13:21:51.69 KLIB_SelfTest return : KLR_OK
2월 10, 2020 13:22:49.56 
2월 10, 2020 13:22:49.56 KLIB_SelfTest return : KLR_OK

2월 11, 2020 09:37:29.76 NEW SESSION
2월 11, 2020 09:37:29.76 [10928:13148:0211/093729.756:ERROR:account_info_fetcher.cc(60)] OnGetTokenFailure: Invalid credentials (credentials rejected by client).
2월 11, 2020 10:01:05.64 
2월 11, 2020 10:01:05.65 KLIB_SelfTest return : KLR_OK
2월 11, 2020 10:16:59.31 
2월 11, 2020 10:16:59.31 KLIB_SelfTest return : KLR_OK
2월 11, 2020 10:23:53.99 
2월 11, 2020 10:23:53.99 KLIB_SelfTest return : KLR_OK
2월 11, 2020 11:48:21.64 
2월 11, 2020 11:48:21.65 KLIB_SelfTest return : KLR_OK
2월 11, 2020 11:49:55.38 
2월 11, 2020 11:49:55.39 KLIB_SelfTest return : KLR_OK
2월 11, 2020 11:51:16.71 
2월 11, 2020 11:51:16.71 KLIB_SelfTest return : KLR_OK
2월 11, 2020 11:56:39.36 
2월 11, 2020 11:56:39.37 KLIB_SelfTest return : KLR_OK
2월 11, 2020 11:58:38.70 
2월 11, 2020 11:58:38.71 KLIB_SelfTest return : KLR_OK
2월 11, 2020 12:04:05.46 
2월 11, 2020 12:04:05.47 KLIB_SelfTest return : KLR_OK
2월 11, 2020 12:08:11.90 
2월 11, 2020 12:08:11.91 KLIB_SelfTest return : KLR_OK
2월 11, 2020 12:09:43.42 
2월 11, 2020 12:09:43.42 KLIB_SelfTest return : KLR_OK
2월 11, 2020 12:10:46.95 
2월 11, 2020 12:10:46.96 KLIB_SelfTest return : KLR_OK
2월 11, 2020 12:21:55.20 
2월 11, 2020 12:21:55.21 KLIB_SelfTest return : KLR_OK
2월 11, 2020 12:23:58.29 
2월 11, 2020 12:23:58.30 KLIB_SelfTest return : KLR_OK

4월 04, 2020 18:22:34.57 NEW SESSION
4월 04, 2020 18:22:34.57 
4월 04, 2020 18:22:34.57 KLIB_SelfTest return : KLR_OK

4월 07, 2020 22:32:36.79 NEW SESSION
4월 07, 2020 22:32:36.79 
4월 07, 2020 22:32:36.81 KLIB_SelfTest return : KLR_OK
